[35m[Appium][39m Welcome to Appium v1.21.0
[35m[Appium][39m Non-default server args:
[35m[Appium][39m   port: 57422
[35m[Appium][39m   loglevel: info
[35m[Appium][39m   tmpDir: C:\Users\asus\AppData\Local\Temp\\Katalon\Appium\Temp1628321115683
[35m[Appium][39m   chromedriverPort: 57423
[35m[Appium][39m Deprecated server args:
[35m[Appium][39m   [31m--chromedriver-port[39m => --default-capabilities
[35m[Appium][39m Default capabilities, which will be added to each request unless overridden by desired capabilities:
[35m[Appium][39m   chromedriverPort: 57423
[35m[Appium][39m Appium REST http interface listener started on 0.0.0.0:57422
[35m[HTTP][39m [37m-->[39m [37mGET[39m [37m/wd/hub/status[39m
[35m[HTTP][39m [90m{}[39m
[35m[HTTP][39m [37m<-- GET /wd/hub/status [39m[32m200[39m [90m7 ms - 68[39m
[35m[HTTP][39m [90m[39m
[35m[HTTP][39m [37m-->[39m [37mGET[39m [37m/wd/hub/status[39m
[35m[HTTP][39m [90m{}[39m
[35m[HTTP][39m [37m<-- GET /wd/hub/status [39m[32m200[39m [90m2 ms - 68[39m
[35m[HTTP][39m [90m[39m
[35m[HTTP][39m [37m-->[39m [37mPOST[39m [37m/wd/hub/session[39m
[35m[HTTP][39m [90m{"desiredCapabilities":{"app":"D:\\SEKOLAH QA\\Apk Android\\Simple Calculator.apk","noReset":true,"newCommandTimeout":1800,"platformVersion":"5.1","autoGrantPermissions":true,"platformName":"Android","udid":"AAYLVS6D99999999","deviceName":"OPPO A1601 (Android 5.1)","fullReset":false,"platform":"ANDROID","systemPort":61759},"capabilities":{"firstMatch":[{"appium:app":"D:\\SEKOLAH QA\\Apk Android\\Simple Calculator.apk","appium:autoGrantPermissions":true,"appium:deviceName":"OPPO A1601 (Android 5.1)","appium:fullReset":false,"appium:newCommandTimeout":1800,"appium:noReset":true,"platform":"ANDROID","platformName":"android","appium:platformVersion":"5.1","appium:systemPort":61759,"appium:udid":"AAYLVS6D99999999"}]}}[39m
[35m[BaseDriver][39m The following capabilities are not standard capabilities and should have an extension prefix:
[35m[BaseDriver][39m   platform
[35m[BaseDriver][39m   chromedriverPort
[35m[Appium][39m 
[35m[Appium][39m ======================================================================
[35m[Appium][39m   DEPRECATION WARNING:
[35m[Appium][39m 
[35m[Appium][39m   The 'automationName' capability was not provided in the desired 
[35m[Appium][39m   capabilities for this Android session
[35m[Appium][39m 
[35m[Appium][39m   Setting 'automationName=UiAutomator2' by default and using the 
[35m[Appium][39m   UiAutomator2 Driver
[35m[Appium][39m 
[35m[Appium][39m   The next major version of Appium (2.x) will **require** the 
[35m[Appium][39m   'automationName' capability to be set for all sessions on all 
[35m[Appium][39m   platforms
[35m[Appium][39m 
[35m[Appium][39m   In previous versions (Appium <= 1.13.x), the default was 
[35m[Appium][39m   'automationName=UiAutomator1'
[35m[Appium][39m 
[35m[Appium][39m   If you wish to use that automation instead of UiAutomator2, please 
[35m[Appium][39m   add 'automationName=UiAutomator1' to your desired capabilities
[35m[Appium][39m 
[35m[Appium][39m   For more information about drivers, please visit 
[35m[Appium][39m   http://appium.io/docs/en/about-appium/intro/ and explore the 
[35m[Appium][39m   'Drivers' menu
[35m[Appium][39m 
[35m[Appium][39m ======================================================================
[35m[Appium][39m 
[35m[Appium][39m Appium v1.21.0 creating new AndroidUiautomator2Driver (v1.65.0) session
[35m[BaseDriver][39m The following capabilities were provided, but are not recognized by Appium:
[35m[BaseDriver][39m   platform
[35m[BaseDriver][39m Session created with session id: 07cc65b8-83e8-471c-8cee-4e3a5ba522e7
[35m[BaseDriver][39m Using local app 'D:\SEKOLAH QA\Apk Android\Simple Calculator.apk'
[35m[ADB][39m Found 1 'build-tools' folders under 'C:\Users\asus\.katalon\tools\android_sdk' (newest first):
[35m[ADB][39m     C:/Users/asus/.katalon/tools/android_sdk/build-tools/29.0.3
[35m[ADB][39m Using 'adb.exe' from 'C:\Users\asus\.katalon\tools\android_sdk\platform-tools\adb.exe'
[35m[AndroidDriver][39m Retrieving device list
[35m[AndroidDriver][39m Using device: AAYLVS6D99999999
[35m[ADB][39m Using 'adb.exe' from 'C:\Users\asus\.katalon\tools\android_sdk\platform-tools\adb.exe'
[35m[ADB][39m Package name: 'com.bng.calculator'
[35m[ADB][39m Main activity name: 'com.bng.calc.MainActivity'
[35m[ADB][39m Using 'apksigner.jar' from 'C:\Users\asus\.katalon\tools\android_sdk\build-tools\29.0.3\lib\apksigner.jar'
[35m[ADB][39m 'C:\Users\asus\AppData\Roaming\npm\node_modules\appium\node_modules\appium-uiautomator2-server\apks\appium-uiautomator2-server-v4.21.1.apk' is signed with the default certificate
[35m[ADB][39m 'C:\Users\asus\AppData\Roaming\npm\node_modules\appium\node_modules\appium-uiautomator2-server\apks\appium-uiautomator2-server-debug-androidTest.apk' is signed with the default certificate
[35m[UiAutomator2][39m Server packages are not going to be (re)installed
[35m[ADB][39m 'D:\SEKOLAH QA\Apk Android\Simple Calculator.apk' is signed with a non-default certificate
[35m[UiAutomator2][39m Starting UIAutomator2 server 4.21.1
[35m[UiAutomator2][39m Using UIAutomator2 server from 'C:\Users\asus\AppData\Roaming\npm\node_modules\appium\node_modules\appium-uiautomator2-server\apks\appium-uiautomator2-server-v4.21.1.apk' and test from 'C:\Users\asus\AppData\Roaming\npm\node_modules\appium\node_modules\appium-uiautomator2-server\apks\appium-uiautomator2-server-debug-androidTest.apk'
[35m[UiAutomator2][39m Waiting up to 30000ms for UiAutomator2 to be online...
[35m[WD Proxy][39m socket hang up
[35m[WD Proxy][39m socket hang up
[35m[WD Proxy][39m socket hang up
[35m[WD Proxy][39m socket hang up
[35m[WD Proxy][39m Determined the downstream protocol as 'W3C'
[35m[AndroidDriver][39m Screen already unlocked, doing nothing
[35m[UiAutomator2][39m Starting 'com.bng.calculator/com.bng.calc.MainActivity and waiting for 'com.bng.calculator/com.bng.calc.MainActivity'
[35m[Appium][39m New AndroidUiautomator2Driver session created successfully, session 07cc65b8-83e8-471c-8cee-4e3a5ba522e7 added to master session list
[35m[HTTP][39m [37m<-- POST /wd/hub/session [39m[32m200[39m [90m15991 ms - 1195[39m
[35m[HTTP][39m [90m[39m
[35m[HTTP][39m [37m-->[39m [37mGET[39m [37m/wd/hub/session/07cc65b8-83e8-471c-8cee-4e3a5ba522e7[39m
[35m[HTTP][39m [90m{}[39m
[35m[HTTP][39m [37m<-- GET /wd/hub/session/07cc65b8-83e8-471c-8cee-4e3a5ba522e7 [39m[32m200[39m [90m17 ms - 1149[39m
[35m[HTTP][39m [90m[39m
[35m[HTTP][39m [37m-->[39m [37mGET[39m [37m/wd/hub/session/07cc65b8-83e8-471c-8cee-4e3a5ba522e7[39m
[35m[HTTP][39m [90m{}[39m
[35m[HTTP][39m [37m<-- GET /wd/hub/session/07cc65b8-83e8-471c-8cee-4e3a5ba522e7 [39m[32m200[39m [90m16 ms - 1149[39m
[35m[HTTP][39m [90m[39m
[35m[HTTP][39m [37m-->[39m [37mGET[39m [37m/wd/hub/status[39m
[35m[HTTP][39m [90m{}[39m
[35m[HTTP][39m [37m<-- GET /wd/hub/status [39m[32m200[39m [90m2 ms - 68[39m
[35m[HTTP][39m [90m[39m
[35m[HTTP][39m [37m-->[39m [37mPOST[39m [37m/wd/hub/session/07cc65b8-83e8-471c-8cee-4e3a5ba522e7/timeouts[39m
[35m[HTTP][39m [90m{"implicit":60000}[39m
[35m[HTTP][39m [37m<-- POST /wd/hub/session/07cc65b8-83e8-471c-8cee-4e3a5ba522e7/timeouts [39m[32m200[39m [90m3 ms - 14[39m
[35m[HTTP][39m [90m[39m
[35m[HTTP][39m [37m-->[39m [37mGET[39m [37m/wd/hub/session/07cc65b8-83e8-471c-8cee-4e3a5ba522e7/source[39m
[35m[HTTP][39m [90m{}[39m
[35m[W3C (07cc65b8)][39m Driver proxy active, passing request on via HTTP proxy
[35m[WD Proxy][39m Replacing sessionId 6c5b80b3-e248-4d18-b695-07e6cfe05b08 with 07cc65b8-83e8-471c-8cee-4e3a5ba522e7
[35m[HTTP][39m [37m<-- GET /wd/hub/session/07cc65b8-83e8-471c-8cee-4e3a5ba522e7/source [39m[32m200[39m [90m1207 ms - 23447[39m
[35m[HTTP][39m [90m[39m
[35m[HTTP][39m [37m-->[39m [37mGET[39m [37m/wd/hub/session/07cc65b8-83e8-471c-8cee-4e3a5ba522e7/screenshot[39m
[35m[HTTP][39m [90m{}[39m
[35m[HTTP][39m [37m<-- GET /wd/hub/session/07cc65b8-83e8-471c-8cee-4e3a5ba522e7/screenshot [39m[32m200[39m [90m372 ms - 56526[39m
[35m[HTTP][39m [90m[39m
[35m[HTTP][39m [37m-->[39m [37mPOST[39m [37m/wd/hub/session/07cc65b8-83e8-471c-8cee-4e3a5ba522e7/elements[39m
[35m[HTTP][39m [90m{"using":"xpath","value":"//*[@class = 'android.widget.Button' and (@text = '9' or . = '9') and @resource-id = 'com.bng.calculator:id/btn_9']"}[39m
[35m[HTTP][39m [37m<-- POST /wd/hub/session/07cc65b8-83e8-471c-8cee-4e3a5ba522e7/elements [39m[32m200[39m [90m562 ms - 139[39m
[35m[HTTP][39m [90m[39m
[35m[HTTP][39m [37m-->[39m [37mDELETE[39m [37m/wd/hub/session/07cc65b8-83e8-471c-8cee-4e3a5ba522e7[39m
[35m[HTTP][39m [90m{}[39m
[35m[Appium][39m Removing session 07cc65b8-83e8-471c-8cee-4e3a5ba522e7 from our master session list
[35m[UiAutomator2][39m Did not get confirmation UiAutomator2 deleteSession worked; Error was: UnknownError: An unknown server-side error occurred while processing the command. Original error: 'DELETE /' cannot be proxied to UiAutomator2 server because the instrumentation process is not running (probably crashed). Check the server log and/or the logcat output for more details
[35m[HTTP][39m [37m<-- DELETE /wd/hub/session/07cc65b8-83e8-471c-8cee-4e3a5ba522e7 [39m[32m200[39m [90m1266 ms - 14[39m
[35m[HTTP][39m [90m[39m
